<?xml version="1.0" encoding="UTF-8"?>
<!-- Generated by org.testng.reporters.JUnitReportReporter -->
<testsuite skipped="0" hostname="DESKTOP-K2A62FH" name="Automation.AppTest" tests="2" failures="0" timestamp="13 Aug 2017 12:45:55 GMT" time="33.473" errors="0">
  <testcase name="pagetitle" time="0.101" classname="Automation.AppTest"/>
  <testcase name="login" time="33.372" classname="Automation.AppTest"/>
</testsuite> <!-- Automation.AppTest -->
