<?xml version="1.0" encoding="UTF-8"?>
<!-- Generated by org.testng.reporters.JUnitReportReporter -->
<testsuite skipped="0" hostname="DESKTOP-K2A62FH" name="Automation.AppTest" tests="2" failures="0" timestamp="04 Jul 2017 01:43:06 GMT" time="21.705" errors="0">
  <testcase name="pagetitle" time="0.039" classname="Automation.AppTest"/>
  <testcase name="login" time="21.666" classname="Automation.AppTest"/>
</testsuite> <!-- Automation.AppTest -->
